<?xml version="1.0" encoding="UTF-8" ?>
<testsuites errors="2"
            failures="1"
            tests="6">

  <testsuite name="loginFunctionality"
    errors="2" failures="1" hostname="" id="" package="loginFunctionality" skipped="6"
    tests="6" time="39.33" timestamp="">
  
    <testcase name="Verify Go1Percent logo, carousel images, carousel caption and the footer message" classname="loginFunctionality" time="0.2260" assertions="8">

    

    

    

    

    

    

    

    
    </testcase>
  
    <testcase name="Verify that tag line with text &#34;Get 1% Better Everyday&#34; is displayed" classname="loginFunctionality" time="0.02400" assertions="1">

    
    </testcase>
  
    <testcase name="Verify that carousel image changes while clicking on carousel button" classname="loginFunctionality" time="5.305" assertions="1">

    
    <error message="An error occurred while running .click() command on &lt;@carouselButton&gt;: Timed out while waiting for element &#34;@carouselButton&#34; with &#34;css selector&#34; to be present for 5000 milliseconds." type="error"><![CDATA[
    Error
    at Page.carouselImagesVariation (/home/knoldus/Desktop/leaderBOard/nightwatch/page-objects/loginPage.js:98:22)
    at DescribeInstance.&lt;anonymous&gt; (/home/knoldus/Desktop/leaderBOard/test/loginFunctionality.js:32:14)
    ]]></error>
    
    </testcase>
  
    <testcase name="Verify that login page heading contains text &#34;Sign in to Go 1%&#34; is displayed" classname="loginFunctionality" time="0.02200" assertions="1">

    
    </testcase>
  
    <testcase name="Verify that specific text between login options is present on the web page " classname="loginFunctionality" time="0.04100" assertions="2">

    

    
    </testcase>
  
    <testcase name="Verify that clicking on the Microsoft logo redirects to the Microsoft login page" classname="loginFunctionality" time="10.49" assertions="2">

      <failure message="Testing if the URL contains &#39;login.microsoftonline.com/&#39; in 5000ms - expected &#34;contains &#39;login.microsoftonline.com/&#39;&#34; but got: &#34;https://auth.go1percent.com/auth/realms/nashtech/protocol/openid-connect/auth?client_id=leaderboard-qa-ui&amp;redirect_uri=https%3A%2F%2Fnashtechglobal.qa.go1percent.com%2Fmy-dashboard&amp;state=63bba60c-71dd-40a3-896d-463a078259a4&amp;response_mode=fragment&amp;response_type=code&amp;scope=openid&amp;nonce=66c59a12-90c5-4ba3-a948-a05275bb8c29&#34; (5107ms)">    at DescribeInstance.&lt;anonymous&gt; (/home/knoldus/Desktop/leaderBOard/test/loginFunctionality.js:51:18)</failure>

    
    <error message="Testing if the URL contains [33m&#39;login.microsoftonline.com/&#39;[39m in 5000ms - expected [32m&#34;contains &#39;login.microsoftonline.com/&#39;&#34;[39m but got: [31m&#34;https://auth.go1percent.com/auth/realms/nashtech/protocol/openid-connect/auth?client_id=leaderboard-qa-ui&amp;redirect_uri=https%3A%2F%2Fnashtechglobal.qa.go1percent.com%2Fmy-dashboard&amp;state=63bba60c-71dd-40a3-896d-463a078259a4&amp;response_mode=fragment&amp;response_type=code&amp;scope=openid&amp;nonce=66c59a12-90c5-4ba3-a948-a05275bb8c29&#34;[39m [90m(5107ms)[39m" type="error"><![CDATA[
        at Proxy.&lt;anonymous&gt; (/home/knoldus/Desktop/leaderBOard/node_modules/nightwatch/lib/api/index.js:161:30)
    at DescribeInstance.&lt;anonymous&gt; (/home/knoldus/Desktop/leaderBOard/test/loginFunctionality.js:51:18)
    at Context.call (/home/knoldus/Desktop/leaderBOard/node_modules/nightwatch/lib/testsuite/context.js:515:35)
    at TestCase.run (/home/knoldus/Desktop/leaderBOard/node_modules/nightwatch/lib/testsuite/testcase.js:58:31)
    at Runnable.__runFn (/home/knoldus/Desktop/leaderBOard/node_modules/nightwatch/lib/testsuite/index.js:839:80)
    at Runnable.run (/home/knoldus/Desktop/leaderBOard/node_modules/nightwatch/lib/testsuite/runnable.js:126:21)
    at TestSuite.executeRunnable (/home/knoldus/Desktop/leaderBOard/node_modules/nightwatch/lib/testsuite/index.js:1000:49)
    at TestSuite.handleRunnable (/home/knoldus/Desktop/leaderBOard/node_modules/nightwatch/lib/testsuite/index.js:1015:33)
    at /home/knoldus/Desktop/leaderBOard/node_modules/nightwatch/lib/testsuite/index.js:839:21
    at async DefaultRunner.runTestSuite (/home/knoldus/Desktop/leaderBOard/node_modules/nightwatch/lib/runner/test-runners/default.js:83:7)
    ]]></error>
    
    </testcase>
  

  
    <system-err>
       NoSuchElementError
   An element could not be located on the page using the given search parameters.
    {&#34;error&#34;:{&#34;name&#34;:&#34;InvalidSelectorError&#34;,&#34;remoteStacktrace&#34;:&#34;&#34;},&#34;status&#34;:-1,&#34;value&#34;:null}

    Try fixing by :
    1. Please inspect the html before the step
    2. Verify if an element with the mentioned selector is present in the DOM tree

    Error location:
    /home/knoldus/Desktop/leaderBOard/test/loginFunctionality.js:32
    ––––––––––––––––––––––––––––––––––––––––––––––––––––––––––––––
     30 | 
     31 | it(&#34;Verify that carousel image changes while clicking on carousel button&#34;, function() {
     32 |    loginPage.carouselImagesVariation(); 
     33 |   loginPage.assert.elementPresent(&#39;@carouselImage2&#39;);
     34 | });
    ––––––––––––––––––––––––––––––––––––––––––––––––––––––––––––––

 NoSuchElementError
   An element could not be located on the page using the given search parameters.
    {&#34;error&#34;:{&#34;name&#34;:&#34;InvalidSelectorError&#34;,&#34;remoteStacktrace&#34;:&#34;&#34;},&#34;status&#34;:-1,&#34;value&#34;:null}

    Try fixing by :
    1. Please inspect the html before the step
    2. Verify if an element with the mentioned selector is present in the DOM tree

    Error location:
    /home/knoldus/Desktop/leaderBOard/test/loginFunctionality.js:50
    ––––––––––––––––––––––––––––––––––––––––––––––––––––––––––––––
     48 | it(&#34;Verify that clicking on the Microsoft logo redirects to the Microsoft login page&#34;, function(){
     49 |  loginPage.waitForElementPresent(&#39;@microsoftLogo&#39;, 5000, &#39;Microsoft icon present&#39;) 
     50 |  loginPage.microsoftIcon(); 
     51 |   browser.assert.urlContains(&#39;login.microsoftonline.com/&#39;);
     52 |   browser.back();
    ––––––––––––––––––––––––––––––––––––––––––––––––––––––––––––––

    </system-err>
  

    

  
    
    <testcase
      name="Verify remember me checkbox is selected during login" classname="loginFunctionality">
      <skipped />
    </testcase>
    
    <testcase
      name="Verify the forgot Password functionality" classname="loginFunctionality">
      <skipped />
    </testcase>
    
    <testcase
      name=" Verify clicking on the Terms of Use link opens a new page with the terms of use" classname="loginFunctionality">
      <skipped />
    </testcase>
    
    <testcase
      name="Verify clicking on the Privacy policy link opens a new page with the privacy policy Verify Privacy Policy Page" classname="loginFunctionality">
      <skipped />
    </testcase>
    
    <testcase
      name=" Verify that login fails with invalid credentials and an alert message is displayed" classname="loginFunctionality">
      <skipped />
    </testcase>
    
    <testcase
      name="Verify successful login with valid credentials" classname="loginFunctionality">
      <skipped />
    </testcase>
    
  
  </testsuite>
</testsuites>
